<?xml version="1.0" encoding="UTF-8"?>
<testsuite name="com.example.fastcampusmysql.FastcampusMysqlApplicationTests" tests="1" skipped="0" failures="0" errors="0" timestamp="2023-06-04T09:27:39" hostname="CHAN" time="0.666">
  <properties/>
  <testcase name="contextLoads()" classname="com.example.fastcampusmysql.FastcampusMysqlApplicationTests" time="0.666"/>
  <system-out><![CDATA[18:27:34.398 [Test worker] DEBUG org.springframework.test.context.BootstrapUtils - Instantiating CacheAwareContextLoaderDelegate from class [org.springframework.test.context.cache.DefaultCacheAwareContextLoaderDelegate]
18:27:34.408 [Test worker] DEBUG org.springframework.test.context.BootstrapUtils - Instantiating BootstrapContext using constructor [public org.springframework.test.context.support.DefaultBootstrapContext(java.lang.Class,org.springframework.test.context.CacheAwareContextLoaderDelegate)]
18:27:34.445 [Test worker] DEBUG org.springframework.test.context.BootstrapUtils - Instantiating TestContextBootstrapper for test class [com.example.fastcampusmysql.FastcampusMysqlApplicationTests] from class [org.springframework.boot.test.context.SpringBootTestContextBootstrapper]
18:27:34.456 [Test worker] INFO org.springframework.boot.test.context.SpringBootTestContextBootstrapper - Neither @ContextConfiguration nor @ContextHierarchy found for test class [com.example.fastcampusmysql.FastcampusMysqlApplicationTests], using SpringBootContextLoader
18:27:34.459 [Test worker] DEBUG org.springframework.test.context.support.AbstractContextLoader - Did not detect default resource location for test class [com.example.fastcampusmysql.FastcampusMysqlApplicationTests]: class path resource [com/example/fastcampusmysql/FastcampusMysqlApplicationTests-context.xml] does not exist
18:27:34.459 [Test worker] DEBUG org.springframework.test.context.support.AbstractContextLoader - Did not detect default resource location for test class [com.example.fastcampusmysql.FastcampusMysqlApplicationTests]: class path resource [com/example/fastcampusmysql/FastcampusMysqlApplicationTestsContext.groovy] does not exist
18:27:34.459 [Test worker] INFO org.springframework.test.context.support.AbstractContextLoader - Could not detect default resource locations for test class [com.example.fastcampusmysql.FastcampusMysqlApplicationTests]: no resource found for suffixes {-context.xml, Context.groovy}.
18:27:34.459 [Test worker] INFO org.springframework.test.context.support.AnnotationConfigContextLoaderUtils - Could not detect default configuration classes for test class [com.example.fastcampusmysql.FastcampusMysqlApplicationTests]: FastcampusMysqlApplicationTests does not declare any static, non-private, non-final, nested classes annotated with @Configuration.
18:27:34.504 [Test worker] DEBUG org.springframework.test.context.support.ActiveProfilesUtils - Could not find an 'annotation declaring class' for annotation type [org.springframework.test.context.ActiveProfiles] and class [com.example.fastcampusmysql.FastcampusMysqlApplicationTests]
18:27:34.568 [Test worker] DEBUG org.springframework.context.annotation.ClassPathScanningCandidateComponentProvider - Identified candidate component class: file [C:\Users\CHAN\IdeaProjects\kakao-mysql-basic\build\classes\java\main\com\example\fastcampusmysql\FastcampusMysqlApplication.class]
18:27:34.571 [Test worker] INFO org.springframework.boot.test.context.SpringBootTestContextBootstrapper - Found @SpringBootConfiguration com.example.fastcampusmysql.FastcampusMysqlApplication for test class com.example.fastcampusmysql.FastcampusMysqlApplicationTests
18:27:34.672 [Test worker] DEBUG org.springframework.boot.test.context.SpringBootTestContextBootstrapper - @TestExecutionListeners is not present for class [com.example.fastcampusmysql.FastcampusMysqlApplicationTests]: using defaults.
18:27:34.673 [Test worker] INFO org.springframework.boot.test.context.SpringBootTestContextBootstrapper - Loaded default TestExecutionListener class names from location [META-INF/spring.factories]: [org.springframework.boot.test.autoconfigure.restdocs.RestDocsTestExecutionListener, org.springframework.boot.test.autoconfigure.web.client.MockRestServiceServerResetTestExecutionListener, org.springframework.boot.test.autoconfigure.web.servlet.MockMvcPrintOnlyOnFailureTestExecutionListener, org.springframework.boot.test.autoconfigure.web.servlet.WebDriverTestExecutionListener, org.springframework.boot.test.autoconfigure.webservices.client.MockWebServiceServerTestExecutionListener, org.springframework.boot.test.mock.mockito.MockitoTestExecutionListener, org.springframework.boot.test.mock.mockito.ResetMocksTestExecutionListener, org.springframework.test.context.web.ServletTestExecutionListener, org.springframework.test.context.support.DirtiesContextBeforeModesTestExecutionListener, org.springframework.test.context.event.ApplicationEventsTestExecutionListener, org.springframework.test.context.support.DependencyInjectionTestExecutionListener, org.springframework.test.context.support.DirtiesContextTestExecutionListener, org.springframework.test.context.transaction.TransactionalTestExecutionListener, org.springframework.test.context.jdbc.SqlScriptsTestExecutionListener, org.springframework.test.context.event.EventPublishingTestExecutionListener]
18:27:34.690 [Test worker] INFO org.springframework.boot.test.context.SpringBootTestContextBootstrapper - Using TestExecutionListeners: [org.springframework.test.context.web.ServletTestExecutionListener@226642a5, org.springframework.test.context.support.DirtiesContextBeforeModesTestExecutionListener@7e809b79, org.springframework.test.context.event.ApplicationEventsTestExecutionListener@5cc126dc, org.springframework.boot.test.mock.mockito.MockitoTestExecutionListener@625e134e, org.springframework.boot.test.autoconfigure.SpringBootDependencyInjectionTestExecutionListener@72bd06ca, org.springframework.test.context.support.DirtiesContextTestExecutionListener@89c10b7, org.springframework.test.context.transaction.TransactionalTestExecutionListener@5dbe30be, org.springframework.test.context.jdbc.SqlScriptsTestExecutionListener@4fe89c24, org.springframework.test.context.event.EventPublishingTestExecutionListener@55795845, org.springframework.boot.test.autoconfigure.restdocs.RestDocsTestExecutionListener@3d08f3f5, org.springframework.boot.test.autoconfigure.web.client.MockRestServiceServerResetTestExecutionListener@119f1f2a, org.springframework.boot.test.autoconfigure.web.servlet.MockMvcPrintOnlyOnFailureTestExecutionListener@1a1da881, org.springframework.boot.test.autoconfigure.web.servlet.WebDriverTestExecutionListener@5b970f7, org.springframework.boot.test.autoconfigure.webservices.client.MockWebServiceServerTestExecutionListener@7fd4acee, org.springframework.boot.test.mock.mockito.ResetMocksTestExecutionListener@165b8a71]
18:27:34.694 [Test worker] DEBUG org.springframework.test.context.support.AbstractDirtiesContextTestExecutionListener - Before test class: context [DefaultTestContext@4215838f testClass = FastcampusMysqlApplicationTests, testInstance = [null], testMethod = [null], testException = [null], mergedContextConfiguration = [WebMergedContextConfiguration@452ba1db testClass = FastcampusMysqlApplicationTests, locations = '{}', classes = '{class com.example.fastcampusmysql.FastcampusMysqlApplication}', contextInitializerClasses = '[]', activeProfiles = '{}', propertySourceLocations = '{}', propertySourceProperties = '{org.springframework.boot.test.context.SpringBootTestContextBootstrapper=true}', contextCustomizers = set[org.springframework.boot.test.autoconfigure.actuate.metrics.MetricsExportContextCustomizerFactory$DisableMetricExportContextCustomizer@289710d9, org.springframework.boot.test.autoconfigure.properties.PropertyMappingContextCustomizer@0, org.springframework.boot.test.autoconfigure.web.servlet.WebDriverContextCustomizerFactory$Customizer@176b3f44, org.springframework.boot.test.context.filter.ExcludeFilterContextCustomizer@66ac5762, org.springframework.boot.test.json.DuplicateJsonObjectContextCustomizerFactory$DuplicateJsonObjectContextCustomizer@517d4a0d, org.springframework.boot.test.mock.mockito.MockitoContextCustomizer@0, org.springframework.boot.test.web.client.TestRestTemplateContextCustomizer@41d426b5, org.springframework.boot.test.context.SpringBootTestArgs@1, org.springframework.boot.test.context.SpringBootTestWebEnvironment@15bbf42f], resourceBasePath = 'src/main/webapp', contextLoader = 'org.springframework.boot.test.context.SpringBootContextLoader', parent = [null]], attributes = map['org.springframework.test.context.web.ServletTestExecutionListener.activateListener' -> true]], class annotated with @DirtiesContext [false] with mode [null].

  .   ____          _            __ _ _
 /\\ / ___'_ __ _ _(_)_ __  __ _ \ \ \ \
( ( )\___ | '_ | '_| | '_ \/ _` | \ \ \ \
 \\/  ___)| |_)| | | | | || (_| |  ) ) ) )
  '  |____| .__|_| |_|_| |_\__, | / / / /
 =========|_|==============|___/=/_/_/_/
 :: Spring Boot ::                (v2.7.2)

2023-06-04 18:27:35.000  INFO 4312 --- [    Test worker] c.e.f.FastcampusMysqlApplicationTests    : Starting FastcampusMysqlApplicationTests using Java 16.0.2 on CHAN with PID 4312 (started by CHAN in C:\Users\CHAN\IdeaProjects\kakao-mysql-basic)
2023-06-04 18:27:35.001  INFO 4312 --- [    Test worker] c.e.f.FastcampusMysqlApplicationTests    : No active profile set, falling back to 1 default profile: "default"
2023-06-04 18:27:39.144  INFO 4312 --- [    Test worker] c.e.f.FastcampusMysqlApplicationTests    : Started FastcampusMysqlApplicationTests in 4.408 seconds (JVM running for 5.644)
]]></system-out>
  <system-err><![CDATA[]]></system-err>
</testsuite>
